<?xml version="1.0" encoding="UTF-8"?>
<!-- Generated by org.testng.reporters.JUnitXMLReporter -->
<testsuite hostname="WDAAS6302-P2047" name="Default test" tests="3" failures="0" timestamp="7 Mar 2019 12:58:47 GMT" time="36.753" errors="0">
  <testcase name="testBlankForItemCategory" time="3.425" classname="com.item.tests.SearchItemTest"/>
  <testcase name="testSearchForEmptyList" time="6.375" classname="com.item.tests.SearchItemTest"/>
  <testcase name="testSearchForResults" time="11.283" classname="com.item.tests.SearchItemTest"/>
</testsuite> <!-- Default test -->
