<?xml version="1.0" encoding="UTF-8"?>
<!-- Generated by org.testng.reporters.JUnitXMLReporter -->
<testsuite hostname="PCVVPACA0010" name="TestNgTest" tests="3" failures="0" timestamp="3 Dec 2018 06:15:36 GMT" time="32.654" errors="0">
  <testcase name="testBlankForItemCategory" time="2.772" classname="com.item.tests.SearchItemTest"/>
  <testcase name="testSearchForEmptyList" time="6.552" classname="com.item.tests.SearchItemTest"/>
  <testcase name="testSearchForResults" time="9.71" classname="com.item.tests.SearchItemTest"/>
</testsuite> <!-- TestNgTest -->
